
[2024-02-29 15:25:35.644] [info]  asdasdasd
[2024-02-29 15:25:38.854] [info]  Нашел обновление
[2024-02-29 15:25:38.856] [info]  updating...
[2024-02-29 15:25:40.402] [info]  undefined
[2024-02-29 15:25:40.403] [info]  undefined
[2024-02-29 15:25:40.404] [info]  updated downloaded. Current version 1.0.0
[2024-02-29 15:26:14.190] [info]  asdasdasd
[2024-02-29 15:26:17.134] [info]  Not new version
[2024-02-29 15:26:46.936] [info]  asdasdasd
[2024-02-29 15:26:49.918] [info]  Not new version
[2024-02-29 15:27:19.195] [info]  asdasdasd
[2024-02-29 15:27:22.134] [info]  Not new version
[2024-02-29 15:27:50.786] [info]  asdasdasd
[2024-02-29 15:27:53.610] [info]  Нашел обновление
[2024-02-29 15:27:53.612] [info]  updating...
[2024-02-29 15:29:31.449] [info]  undefined
[2024-02-29 15:29:31.456] [info]  undefined
[2024-02-29 15:29:31.457] [info]  updated downloaded. Current version 1.0.0
[2024-02-29 15:30:09.903] [info]  asdasdasd
[2024-02-29 15:30:12.747] [info]  Not new version
